#
# There is insufficient memory for the Java Runtime Environment to continue.
# Native memory allocation (mmap) failed to map 986513408 bytes for committing reserved memory.
# Possible reasons:
#   The system is out of physical RAM or swap space
#   In 32 bit mode, the process size limit was hit
# Possible solutions:
#   Reduce memory load on the system
#   Increase physical memory or swap space
#   Check if swap backing store is full
#   Use 64 bit Java on a 64 bit OS
#   Decrease Java heap size (-Xmx/-Xms)
#   Decrease number of Java threads
#   Decrease Java thread stack sizes (-Xss)
#   Set larger code cache with -XX:ReservedCodeCacheSize=
# This output file may be truncated or incomplete.
#
#  Out of Memory Error (os_linux.cpp:2643), pid=24180, tid=0x00007faf333de700
#
# JRE version:  (8.0_151-b12) (build )
# Java VM: OpenJDK 64-Bit Server VM (25.151-b12 mixed mode linux-amd64 compressed oops)
# Failed to write core dump. Core dumps have been disabled. To enable core dumping, try "ulimit -c unlimited" before starting Java again
#

---------------  T H R E A D  ---------------

Current thread (0x00007faf2c00b800):  JavaThread "Unknown thread" [_thread_in_vm, id=24207, stack(0x00007faf332de000,0x00007faf333df000)]

Stack: [0x00007faf332de000,0x00007faf333df000],  sp=0x00007faf333dd530,  free space=1021k
Native frames: (J=compiled Java code, j=interpreted, Vv=VM code, C=native code)
V  [libjvm.so+0xa684eb]
V  [libjvm.so+0x4c579c]
V  [libjvm.so+0x8b6b50]
V  [libjvm.so+0x8b0fce]
V  [libjvm.so+0xa64de4]
V  [libjvm.so+0x5cb0f0]
V  [libjvm.so+0x4a3c3d]
V  [libjvm.so+0x5cbf59]
V  [libjvm.so+0x5b80ef]
V  [libjvm.so+0xa2bac9]
V  [libjvm.so+0xa2bd12]
V  [libjvm.so+0x60f73f]
V  [libjvm.so+0xa1107a]
V  [libjvm.so+0x6898b2]  JNI_CreateJavaVM+0x62
C  [libjli.so+0x2f2e]
C  [libjli.so+0x73dd]
C  [libpthread.so.0+0x76ba]  start_thread+0xca


---------------  P R O C E S S  ---------------

Java Threads: ( => current thread )

Other Threads:

=>0x00007faf2c00b800 (exited) JavaThread "Unknown thread" [_thread_in_vm, id=24207, stack(0x00007faf332de000,0x00007faf333df000)]

VM state:not at safepoint (not fully initialized)

VM Mutex/Monitor currently owned by a thread: None

GC Heap History (0 events):
No events

Deoptimization events (0 events):
No events

Internal exceptions (0 events):
No events

Events (0 events):
No events


Dynamic libraries:
00400000-00401000 r-xp 00000000 fd:01 544402                             /usr/lib/jvm/java-8-openjdk-amd64/jre/bin/java
00600000-00601000 r--p 00000000 fd:01 544402                             /usr/lib/jvm/java-8-openjdk-amd64/jre/bin/java
00601000-00602000 rw-p 00001000 fd:01 544402                             /usr/lib/jvm/java-8-openjdk-amd64/jre/bin/java
01592000-015b3000 rw-p 00000000 00:00 0                                  [heap]
c0000000-c5330000 rw-p 00000000 00:00 0 
7faf18000000-7faf18021000 rw-p 00000000 00:00 0 
7faf18021000-7faf1c000000 ---p 00000000 00:00 0 
7faf1c523000-7faf1c64e000 rw-p 00000000 00:00 0 
7faf1c64e000-7faf1c824000 ---p 00000000 00:00 0 
7faf1c824000-7faf1c82f000 rw-p 00000000 00:00 0 
7faf1c82f000-7faf1cbe5000 ---p 00000000 00:00 0 
7faf1cbe5000-7faf1ce55000 rwxp 00000000 00:00 0 
7faf1ce55000-7faf2bbe5000 ---p 00000000 00:00 0 
7faf2bbe5000-7faf2bbed000 r-xp 00000000 fd:01 544378                     /usr/lib/jvm/java-8-openjdk-amd64/jre/lib/amd64/libzip.so
7faf2bbed000-7faf2bdec000 ---p 00008000 fd:01 544378                     /usr/lib/jvm/java-8-openjdk-amd64/jre/lib/amd64/libzip.so
7faf2bdec000-7faf2bded000 r--p 00007000 fd:01 544378                     /usr/lib/jvm/java-8-openjdk-amd64/jre/lib/amd64/libzip.so
7faf2bded000-7faf2bdee000 rw-p 00008000 fd:01 544378                     /usr/lib/jvm/java-8-openjdk-amd64/jre/lib/amd64/libzip.so
7faf2bdee000-7faf2bdf9000 r-xp 00000000 fd:01 9114                       /lib/x86_64-linux-gnu/libnss_files-2.23.so
7faf2bdf9000-7faf2bff8000 ---p 0000b000 fd:01 9114                       /lib/x86_64-linux-gnu/libnss_files-2.23.so
7faf2bff8000-7faf2bff9000 r--p 0000a000 fd:01 9114                       /lib/x86_64-linux-gnu/libnss_files-2.23.so
7faf2bff9000-7faf2bffa000 rw-p 0000b000 fd:01 9114                       /lib/x86_64-linux-gnu/libnss_files-2.23.so
7faf2bffa000-7faf2c000000 rw-p 00000000 00:00 0 
7faf2c000000-7faf2c036000 rw-p 00000000 00:00 0 
7faf2c036000-7faf30000000 ---p 00000000 00:00 0 
7faf30060000-7faf30061000 ---p 00000000 00:00 0 
7faf30061000-7faf30161000 rw-p 00000000 00:00 0 
7faf30161000-7faf3016c000 r-xp 00000000 fd:01 9117                       /lib/x86_64-linux-gnu/libnss_nis-2.23.so
7faf3016c000-7faf3036b000 ---p 0000b000 fd:01 9117                       /lib/x86_64-linux-gnu/libnss_nis-2.23.so
7faf3036b000-7faf3036c000 r--p 0000a000 fd:01 9117                       /lib/x86_64-linux-gnu/libnss_nis-2.23.so
7faf3036c000-7faf3036d000 rw-p 0000b000 fd:01 9117                       /lib/x86_64-linux-gnu/libnss_nis-2.23.so
7faf3036d000-7faf30383000 r-xp 00000000 fd:01 8961                       /lib/x86_64-linux-gnu/libnsl-2.23.so
7faf30383000-7faf30582000 ---p 00016000 fd:01 8961                       /lib/x86_64-linux-gnu/libnsl-2.23.so
7faf30582000-7faf30583000 r--p 00015000 fd:01 8961                       /lib/x86_64-linux-gnu/libnsl-2.23.so
7faf30583000-7faf30584000 rw-p 00016000 fd:01 8961                       /lib/x86_64-linux-gnu/libnsl-2.23.so
7faf30584000-7faf30586000 rw-p 00000000 00:00 0 
7faf30586000-7faf3058e000 r-xp 00000000 fd:01 9123                       /lib/x86_64-linux-gnu/libnss_compat-2.23.so
7faf3058e000-7faf3078d000 ---p 00008000 fd:01 9123                       /lib/x86_64-linux-gnu/libnss_compat-2.23.so
7faf3078d000-7faf3078e000 r--p 00007000 fd:01 9123                       /lib/x86_64-linux-gnu/libnss_compat-2.23.so
7faf3078e000-7faf3078f000 rw-p 00008000 fd:01 9123                       /lib/x86_64-linux-gnu/libnss_compat-2.23.so
7faf3078f000-7faf307bc000 r-xp 00000000 fd:01 544359                     /usr/lib/jvm/java-8-openjdk-amd64/jre/lib/amd64/libjava.so
7faf307bc000-7faf309bb000 ---p 0002d000 fd:01 544359                     /usr/lib/jvm/java-8-openjdk-amd64/jre/lib/amd64/libjava.so
7faf309bb000-7faf309bc000 r--p 0002c000 fd:01 544359                     /usr/lib/jvm/java-8-openjdk-amd64/jre/lib/amd64/libjava.so
7faf309bc000-7faf309be000 rw-p 0002d000 fd:01 544359                     /usr/lib/jvm/java-8-openjdk-amd64/jre/lib/amd64/libjava.so
7faf309be000-7faf309cd000 r-xp 00000000 fd:01 544376                     /usr/lib/jvm/java-8-openjdk-amd64/jre/lib/amd64/libverify.so
7faf309cd000-7faf30bcc000 ---p 0000f000 fd:01 544376                     /usr/lib/jvm/java-8-openjdk-amd64/jre/lib/amd64/libverify.so
7faf30bcc000-7faf30bce000 r--p 0000e000 fd:01 544376                     /usr/lib/jvm/java-8-openjdk-amd64/jre/lib/amd64/libverify.so
7faf30bce000-7faf30bcf000 rw-p 00010000 fd:01 544376                     /usr/lib/jvm/java-8-openjdk-amd64/jre/lib/amd64/libverify.so
7faf30bcf000-7faf30bd6000 r-xp 00000000 fd:01 9119                       /lib/x86_64-linux-gnu/librt-2.23.so
7faf30bd6000-7faf30dd5000 ---p 00007000 fd:01 9119                       /lib/x86_64-linux-gnu/librt-2.23.so
7faf30dd5000-7faf30dd6000 r--p 00006000 fd:01 9119                       /lib/x86_64-linux-gnu/librt-2.23.so
7faf30dd6000-7faf30dd7000 rw-p 00007000 fd:01 9119                       /lib/x86_64-linux-gnu/librt-2.23.so
7faf30dd7000-7faf30ded000 r-xp 00000000 fd:01 2107                       /lib/x86_64-linux-gnu/libgcc_s.so.1
7faf30ded000-7faf30fec000 ---p 00016000 fd:01 2107                       /lib/x86_64-linux-gnu/libgcc_s.so.1
7faf30fec000-7faf30fed000 rw-p 00015000 fd:01 2107                       /lib/x86_64-linux-gnu/libgcc_s.so.1
7faf30fed000-7faf310f5000 r-xp 00000000 fd:01 12652                      /lib/x86_64-linux-gnu/libm-2.23.so
7faf310f5000-7faf312f4000 ---p 00108000 fd:01 12652                      /lib/x86_64-linux-gnu/libm-2.23.so
7faf312f4000-7faf312f5000 r--p 00107000 fd:01 12652                      /lib/x86_64-linux-gnu/libm-2.23.so
7faf312f5000-7faf312f6000 rw-p 00108000 fd:01 12652                      /lib/x86_64-linux-gnu/libm-2.23.so
7faf312f6000-7faf31468000 r-xp 00000000 fd:01 2334                       /usr/lib/x86_64-linux-gnu/libstdc++.so.6.0.21
7faf31468000-7faf31668000 ---p 00172000 fd:01 2334                       /usr/lib/x86_64-linux-gnu/libstdc++.so.6.0.21
7faf31668000-7faf31672000 r--p 00172000 fd:01 2334                       /usr/lib/x86_64-linux-gnu/libstdc++.so.6.0.21
7faf31672000-7faf31674000 rw-p 0017c000 fd:01 2334                       /usr/lib/x86_64-linux-gnu/libstdc++.so.6.0.21
7faf31674000-7faf31678000 rw-p 00000000 00:00 0 
7faf31678000-7faf322ca000 r-xp 00000000 fd:01 544370                     /usr/lib/jvm/java-8-openjdk-amd64/jre/lib/amd64/server/libjvm.so
7faf322ca000-7faf324ca000 ---p 00c52000 fd:01 544370                     /usr/lib/jvm/java-8-openjdk-amd64/jre/lib/amd64/server/libjvm.so
7faf324ca000-7faf3255d000 r--p 00c52000 fd:01 544370                     /usr/lib/jvm/java-8-openjdk-amd64/jre/lib/amd64/server/libjvm.so
7faf3255d000-7faf32586000 rw-p 00ce5000 fd:01 544370                     /usr/lib/jvm/java-8-openjdk-amd64/jre/lib/amd64/server/libjvm.so
7faf32586000-7faf325b6000 rw-p 00000000 00:00 0 
7faf325b6000-7faf325ce000 r-xp 00000000 fd:01 9116                       /lib/x86_64-linux-gnu/libpthread-2.23.so
7faf325ce000-7faf327cd000 ---p 00018000 fd:01 9116                       /lib/x86_64-linux-gnu/libpthread-2.23.so
7faf327cd000-7faf327ce000 r--p 00017000 fd:01 9116                       /lib/x86_64-linux-gnu/libpthread-2.23.so
7faf327ce000-7faf327cf000 rw-p 00018000 fd:01 9116                       /lib/x86_64-linux-gnu/libpthread-2.23.so
7faf327cf000-7faf327d3000 rw-p 00000000 00:00 0 
7faf327d3000-7faf327d6000 r-xp 00000000 fd:01 9122                       /lib/x86_64-linux-gnu/libdl-2.23.so
7faf327d6000-7faf329d5000 ---p 00003000 fd:01 9122                       /lib/x86_64-linux-gnu/libdl-2.23.so
7faf329d5000-7faf329d6000 r--p 00002000 fd:01 9122                       /lib/x86_64-linux-gnu/libdl-2.23.so
7faf329d6000-7faf329d7000 rw-p 00003000 fd:01 9122                       /lib/x86_64-linux-gnu/libdl-2.23.so
7faf329d7000-7faf329f0000 r-xp 00000000 fd:01 2352                       /lib/x86_64-linux-gnu/libz.so.1.2.8
7faf329f0000-7faf32bef000 ---p 00019000 fd:01 2352                       /lib/x86_64-linux-gnu/libz.so.1.2.8
7faf32bef000-7faf32bf0000 r--p 00018000 fd:01 2352                       /lib/x86_64-linux-gnu/libz.so.1.2.8
7faf32bf0000-7faf32bf1000 rw-p 00019000 fd:01 2352                       /lib/x86_64-linux-gnu/libz.so.1.2.8
7faf32bf1000-7faf32db1000 r-xp 00000000 fd:01 12657                      /lib/x86_64-linux-gnu/libc-2.23.so
7faf32db1000-7faf32fb1000 ---p 001c0000 fd:01 12657                      /lib/x86_64-linux-gnu/libc-2.23.so
7faf32fb1000-7faf32fb5000 r--p 001c0000 fd:01 12657                      /lib/x86_64-linux-gnu/libc-2.23.so
7faf32fb5000-7faf32fb7000 rw-p 001c4000 fd:01 12657                      /lib/x86_64-linux-gnu/libc-2.23.so
7faf32fb7000-7faf32fbb000 rw-p 00000000 00:00 0 
7faf32fbb000-7faf32fc8000 r-xp 00000000 fd:01 544374                     /usr/lib/jvm/java-8-openjdk-amd64/jre/lib/amd64/jli/libjli.so
7faf32fc8000-7faf331c8000 ---p 0000d000 fd:01 544374                     /usr/lib/jvm/java-8-openjdk-amd64/jre/lib/amd64/jli/libjli.so
7faf331c8000-7faf331c9000 r--p 0000d000 fd:01 544374                     /usr/lib/jvm/java-8-openjdk-amd64/jre/lib/amd64/jli/libjli.so
7faf331c9000-7faf331ca000 rw-p 0000e000 fd:01 544374                     /usr/lib/jvm/java-8-openjdk-amd64/jre/lib/amd64/jli/libjli.so
7faf331ca000-7faf331f0000 r-xp 00000000 fd:01 8962                       /lib/x86_64-linux-gnu/ld-2.23.so
7faf332d6000-7faf332de000 rw-s 00000000 fd:01 283698                     /tmp/hsperfdata_root/24180
7faf332de000-7faf332e1000 ---p 00000000 00:00 0 
7faf332e1000-7faf333e4000 rw-p 00000000 00:00 0 
7faf333eb000-7faf333ec000 rw-p 00000000 00:00 0 
7faf333ec000-7faf333ed000 r--p 00000000 00:00 0 
7faf333ed000-7faf333ef000 rw-p 00000000 00:00 0 
7faf333ef000-7faf333f0000 r--p 00025000 fd:01 8962                       /lib/x86_64-linux-gnu/ld-2.23.so
7faf333f0000-7faf333f1000 rw-p 00026000 fd:01 8962                       /lib/x86_64-linux-gnu/ld-2.23.so
7faf333f1000-7faf333f2000 rw-p 00000000 00:00 0 
7ffc5ffbc000-7ffc5ffdd000 rw-p 00000000 00:00 0                          [stack]
7ffc5fff2000-7ffc5fff4000 r--p 00000000 00:00 0                          [vvar]
7ffc5fff4000-7ffc5fff6000 r-xp 00000000 00:00 0                          [vdso]
ffffffffff600000-ffffffffff601000 r-xp 00000000 00:00 0                  [vsyscall]

VM Arguments:
jvm_args: -Xms1g -Xmx1g -XX:+UseConcMarkSweepGC -XX:CMSInitiatingOccupancyFraction=75 -XX:+UseCMSInitiatingOccupancyOnly -XX:+AlwaysPreTouch -Xss1m -Djava.awt.headless=true -Dfile.encoding=UTF-8 -Djna.nosys=true -XX:-OmitStackTraceInFastThrow -Dio.netty.noUnsafe=true -Dio.netty.noKeySetOptimization=true -Dio.netty.recycler.maxCapacityPerThread=0 -Dlog4j.shutdownHookEnabled=false -Dlog4j2.disable.jmx=true -XX:+HeapDumpOnOutOfMemoryError -XX:HeapDumpPath=/var/lib/elasticsearch -Des.path.home=/usr/share/elasticsearch -Des.path.conf=/etc/elasticsearch 
java_command: org.elasticsearch.bootstrap.Elasticsearch
java_class_path (initial): /usr/share/elasticsearch/lib/lucene-spatial-extras-7.0.1.jar:/usr/share/elasticsearch/lib/log4j-core-2.9.1.jar:/usr/share/elasticsearch/lib/lucene-core-7.0.1.jar:/usr/share/elasticsearch/lib/lucene-join-7.0.1.jar:/usr/share/elasticsearch/lib/java-version-checker-6.0.0.jar:/usr/share/elasticsearch/lib/jackson-dataformat-yaml-2.8.6.jar:/usr/share/elasticsearch/lib/log4j-1.2-api-2.9.1.jar:/usr/share/elasticsearch/lib/jackson-dataformat-cbor-2.8.6.jar:/usr/share/elasticsearch/lib/log4j-api-2.9.1.jar:/usr/share/elasticsearch/lib/jackson-dataformat-smile-2.8.6.jar:/usr/share/elasticsearch/lib/lucene-backward-codecs-7.0.1.jar:/usr/share/elasticsearch/lib/lucene-sandbox-7.0.1.jar:/usr/share/elasticsearch/lib/lucene-misc-7.0.1.jar:/usr/share/elasticsearch/lib/lucene-highlighter-7.0.1.jar:/usr/share/elasticsearch/lib/hppc-0.7.1.jar:/usr/share/elasticsearch/lib/jackson-core-2.8.6.jar:/usr/share/elasticsearch/lib/lucene-memory-7.0.1.jar:/usr/share/elasticsearch/lib/lucene-analyzers-common-7.0.1.jar:/usr/share/elasticsearch/lib/lucene-grouping-7.0.1.jar:/usr/share/elasticsearch/lib/lucene-queries-7.0.1.jar:/usr/share/elasticsearch/lib/t-digest-3.0.jar:/usr/share/elasticsearch/lib/snakeyaml-1.15.jar:/usr/share/elasticsearch/lib/lucene-spatial-7.0.1.jar:/usr/share/elasticsearch/lib/lucene-queryparser-7.0.1.jar:/usr/share/elasticsearch/lib/jts-1.13.jar:/usr/share/elasticsearch/lib/securesm-1.1.jar:/usr/share/elasticsearch/lib/jna-4.4.0-1.jar:/usr/share/elasticsearch/lib/joda-time-2.9.5.jar:/usr/share/elasticsearch/lib/HdrHistogram-2.1.9.jar:/usr/share/elasticsearch/lib/lucene-suggest-7.0.1.jar:/usr/share/elasticsearch/lib/plugin-cli-6.0.0.jar:/usr/share/elasticsearch/lib/lucene-spatial3d-7.0.1.jar:/usr/share/elasticsearch/lib/elasticsearch-6.0.0.jar:/usr/share/elasticsearch/lib/spatial4j-0.6.jar:/usr/share/elasticsearch/lib/jopt-simple-5.0.2.jar
Launcher Type: SUN_STANDARD

Environment Variables:
PATH=/usr/local/sbin:/usr/local/bin:/usr/sbin:/usr/bin:/sbin:/bin:/snap/bin
USERNAME=root
SHELL=/bin/bash

Signal Handlers:
SIGSEGV: [libjvm.so+0xa69040], sa_mask[0]=11111111011111111101111111111110, sa_flags=SA_RESTART|SA_SIGINFO
SIGBUS: [libjvm.so+0xa69040], sa_mask[0]=11111111011111111101111111111110, sa_flags=SA_RESTART|SA_SIGINFO
SIGFPE: [libjvm.so+0x8b2170], sa_mask[0]=11111111011111111101111111111110, sa_flags=SA_RESTART|SA_SIGINFO
SIGPIPE: [libjvm.so+0x8b2170], sa_mask[0]=11111111011111111101111111111110, sa_flags=SA_RESTART|SA_SIGINFO
SIGXFSZ: [libjvm.so+0x8b2170], sa_mask[0]=11111111011111111101111111111110, sa_flags=SA_RESTART|SA_SIGINFO
SIGILL: [libjvm.so+0x8b2170], sa_mask[0]=11111111011111111101111111111110, sa_flags=SA_RESTART|SA_SIGINFO
SIGUSR1: SIG_DFL, sa_mask[0]=00000000000000000000000000000000, sa_flags=none
SIGUSR2: [libjvm.so+0x8b2020], sa_mask[0]=00000000000000000000000000000000, sa_flags=SA_RESTART|SA_SIGINFO
SIGHUP: SIG_DFL, sa_mask[0]=00000000000000000000000000000000, sa_flags=none
SIGINT: SIG_DFL, sa_mask[0]=00000000000000000000000000000000, sa_flags=none
SIGTERM: SIG_DFL, sa_mask[0]=00000000000000000000000000000000, sa_flags=none
SIGQUIT: SIG_DFL, sa_mask[0]=00000000000000000000000000000000, sa_flags=none


---------------  S Y S T E M  ---------------

OS:DISTRIB_ID=Ubuntu
DISTRIB_RELEASE=16.04
DISTRIB_CODENAME=xenial
DISTRIB_DESCRIPTION="Ubuntu 16.04.1 LTS"

uname:Linux 4.4.0-22-generic #40-Ubuntu SMP Thu May 12 22:03:46 UTC 2016 x86_64
libc:glibc 2.23 NPTL 2.23 
rlimit: STACK 8192k, CORE 0k, NPROC 2901, NOFILE 65536, AS infinity
load average:0.07 0.03 0.05

/proc/meminfo:
MemTotal:         758220 kB
MemFree:           50260 kB
MemAvailable:     578844 kB
Buffers:           49476 kB
Cached:           404676 kB
SwapCached:            0 kB
Active:           357580 kB
Inactive:         217016 kB
Active(anon):     123424 kB
Inactive(anon):     8664 kB
Active(file):     234156 kB
Inactive(file):   208352 kB
Unevictable:        3656 kB
Mlocked:            3656 kB
SwapTotal:             0 kB
SwapFree:              0 kB
Dirty:                96 kB
Writeback:             0 kB
AnonPages:        124156 kB
Mapped:            30264 kB
Shmem:              9204 kB
Slab:             114260 kB
SReclaimable:      98592 kB
SUnreclaim:        15668 kB
KernelStack:        2400 kB
PageTables:         3316 kB
NFS_Unstable:          0 kB
Bounce:                0 kB
WritebackTmp:          0 kB
CommitLimit:      379108 kB
Committed_AS:     397252 kB
VmallocTotal:   34359738367 kB
VmallocUsed:           0 kB
VmallocChunk:          0 kB
HardwareCorrupted:     0 kB
AnonHugePages:     30720 kB
CmaTotal:              0 kB
CmaFree:               0 kB
HugePages_Total:       0
HugePages_Free:        0
HugePages_Rsvd:        0
HugePages_Surp:        0
Hugepagesize:       2048 kB
DirectMap4k:       44928 kB
DirectMap2M:      741376 kB


CPU:total 1 (initial active 1) (1 cores per cpu, 1 threads per core) family 6 model 6 stepping 3, cmov, cx8, fxsr, mmx, sse, sse2, sse3, popcnt, lzcnt, tsc

/proc/cpuinfo:
processor	: 0
vendor_id	: GenuineIntel
cpu family	: 6
model		: 6
model name	: QEMU Virtual CPU version 2.4.0
stepping	: 3
microcode	: 0x1
cpu MHz		: 2397.224
cache size	: 4096 KB
physical id	: 0
siblings	: 1
core id		: 0
cpu cores	: 1
apicid		: 0
initial apicid	: 0
fpu		: yes
fpu_exception	: yes
cpuid level	: 13
wp		: yes
flags		: fpu de pse tsc msr pae mce cx8 apic sep mtrr pge mca cmov pse36 clflush mmx fxsr sse sse2 syscall nx lm rep_good nopl pni vmx cx16 x2apic popcnt hypervisor lahf_lm abm tpr_shadow vnmi ept vpid
bugs		:
bogomips	: 4794.44
clflush size	: 64
cache_alignment	: 64
address sizes	: 40 bits physical, 48 bits virtual
power management:



Memory: 4k page, physical 758220k(50260k free), swap 0k(0k free)

vm_info: OpenJDK 64-Bit Server VM (25.151-b12) for linux-amd64 JRE (1.8.0_151-8u151-b12-0ubuntu0.16.04.2-b12), built on Oct 27 2017 21:59:02 by "buildd" with gcc 5.4.0 20160609

time: Mon Dec  4 14:47:58 2017
elapsed time: 0 seconds (0d 0h 0m 0s)

